0 info it worked if it ends with ok
1 verbose cli [ '/Users/tylerr/.nvm/versions/node/v4.8.4/bin/node',
1 verbose cli   '/Users/tylerr/.nvm/versions/node/v4.8.4/bin/npm',
1 verbose cli   'run',
1 verbose cli   'dev' ]
2 info using npm@2.15.11
3 info using node@v4.8.4
4 verbose config Skipping project config: /Users/tylerr/.npmrc. (matches userconfig)
5 verbose stack Error: ENOENT: no such file or directory, open '/Users/tylerr/package.json'
5 verbose stack     at Error (native)
6 verbose cwd /Users/tylerr/Desktop/Dev/personal/lofty-cms
7 error Darwin 16.7.0
8 error argv "/Users/tylerr/.nvm/versions/node/v4.8.4/bin/node" "/Users/tylerr/.nvm/versions/node/v4.8.4/bin/npm" "run" "dev"
9 error node v4.8.4
10 error npm  v2.15.11
11 error path /Users/tylerr/package.json
12 error code ENOENT
13 error errno -2
14 error syscall open
15 error enoent ENOENT: no such file or directory, open '/Users/tylerr/package.json'
15 error enoent This is most likely not a problem with npm itself
15 error enoent and is related to npm not being able to find a file.
16 verbose exit [ -2, true ]
